20240120	13:34:17	83ef8425-baab-405b-a77c-8beb7404ad13	POST	/login	undefined
20240207	23:42:16	b463c859-4f4a-4485-b290-2a08a1616c2b	GET	/users	undefined
20240207	23:43:33	093fd0f0-97fb-4a6f-bcaa-369365832d07	POST	/users	undefined
20240207	23:43:38	8138ec51-42b1-4664-91d5-dfc75c88642a	POST	/users	undefined
20240207	23:44:05	9d481270-dbfd-409f-b8ca-a938142bfa6a	POST	/users	undefined
20240207	23:45:36	6badf416-8408-4e0b-aeaf-4629f215d06d	GET	/restaurant/	http://localhost:3000
20240207	23:45:36	4b3d6b72-4874-4eba-9998-72bebe9a6d38	GET	/restaurant/	http://localhost:3000
20240207	23:48:18	ba5392b9-2f9e-47df-a90e-15936a84272b	GET	/restaurant/	http://localhost:3000
20240207	23:48:18	75fc8e0a-0c99-42a2-ba7e-90b4a543ece1	GET	/restaurant/	http://localhost:3000
20240207	23:48:58	ddb4ca45-7701-408d-b233-8c27a940b5ce	GET	/restaurant/	http://localhost:3000
20240207	23:48:58	8e30f8ad-e1ea-4ec5-ac97-fb244d119b74	GET	/restaurant/	http://localhost:3000
20240207	23:49:48	8bdbccf9-489d-4710-8008-14a11205cc4d	GET	/restaurant/	http://localhost:3000
20240207	23:49:48	fa475f28-762b-4f40-8499-5ee76c781f5a	GET	/restaurant/	http://localhost:3000
20240207	23:50:33	a84a2e87-ea33-446c-a9d8-868d2f1af009	GET	/restaurant/	http://localhost:3000
20240207	23:50:33	a176efe9-0ea4-4359-a5ce-18022fb00657	GET	/restaurant/	http://localhost:3000
20240207	23:50:59	38c8f376-5f9a-4b6a-b681-6d2a7671b8f3	GET	/restaurant/	http://localhost:3000
20240207	23:50:59	87c71255-357b-4c72-b45c-e169d4f43bc0	GET	/restaurant/	http://localhost:3000
20240207	23:52:32	acaa33ce-1d67-4cd1-a2c9-358944c55dd7	POST	/users	undefined
20240207	23:52:46	5df61048-ef4b-412a-b8f2-20ce70a7ea61	GET	/restaurant/	http://localhost:3000
20240207	23:52:46	c2f74aee-33b9-4b01-8bf0-609fa9ecdd0b	GET	/restaurant/	http://localhost:3000
20240207	23:53:10	32760806-211b-40fa-8854-a9d7ee0ed3e6	GET	/restaurant/	http://localhost:3000
20240207	23:53:10	b0978259-70ca-4a69-ad02-deb0b1dbc163	GET	/restaurant/	http://localhost:3000
